Arguments: 
  /usr/local/bin/node /usr/share/yarn/bin/yarn.js add typescript --dev

PATH: 
  /home/node/.deno/bin:/home/node/.vscode-server/bin/d2e414d9e4239a252d1ab117bd7067f125afd80a/bin:/usr/local/share/nvm/current/bin:/usr/local/sbin:/usr/local/bin:/usr/sbin:/usr/bin:/sbin:/bin:/usr/local/share/npm-global/bin:/home/node/.local/bin

Yarn version: 
  1.22.4

Node version: 
  12.18.3

Platform: 
  linux x64

Trace: 
  Error: connect ECONNREFUSED 104.16.23.35:443
      at TCPConnectWrap.afterConnect [as oncomplete] (net.js:1141:16)

npm manifest: 
  {
    "name": "uvxol-server",
    "version": "1.0.0",
    "main": "index.js",
    "license": "BSD-3"
  }

yarn manifest: 
  No manifest

Lockfile: 
  No lockfile
